<?xml version="1.0" encoding="UTF-8"?>
<!-- Generated by org.testng.reporters.JUnitXMLReporter -->
<testsuite hostname="Naveen-PC" ignored="0" name="TestLogin" tests="1" failures="1" timestamp="13 Aug 2018 14:31:30 GMT" time="12.525" errors="0">
  <testcase name="testInvalidLogin" time="7.108" classname="com.actiTimeFramework.login.scripts.TestInvalidLogin">
    <failure type="java.lang.NullPointerException">
      <![CDATA[java.lang.NullPointerException
at org.openqa.selenium.support.pagefactory.internal.LocatingElementHandler.invoke(LocatingElementHandler.java:51)
at com.sun.proxy.$Proxy10.sendKeys(Unknown Source)
at com.actiTimeFramework.login.pom.Login.setUsername(Login.java:27)
at com.actiTimeFramework.login.scripts.TestInvalidLogin.testInvalidLogin(TestInvalidLogin.java:19)
... Removed 29 stack frames]]>
    </failure>
  </testcase> <!-- testInvalidLogin -->
</testsuite> <!-- TestLogin -->
