<?xml version="1.0" encoding="UTF-8"?>
<testng-results skipped="0" failed="1" ignored="2" total="4" passed="1">
  <reporter-output>
  </reporter-output>
  <suite name="Suite" duration-ms="38687" started-at="2018-08-01T04:52:27Z" finished-at="2018-08-01T04:53:05Z">
    <groups>
    </groups>
    <test name="TestLogin" duration-ms="38687" started-at="2018-08-01T04:52:27Z" finished-at="2018-08-01T04:53:05Z">
      <class name="com.actiTimeFramework.login.scripts.TestValidLogin">
        <test-method status="FAIL" signature="testValidLogin()[pri:0, instance:com.actiTimeFramework.login.scripts.TestValidLogin@15d0c81b]" name="testValidLogin" duration-ms="9" started-at="2018-08-01T04:53:05Z" finished-at="2018-08-01T04:53:05Z">
          <exception class="java.lang.NullPointerException">
            <full-stacktrace>
              <![CDATA[java.lang.NullPointerException
at org.openqa.selenium.support.pagefactory.DefaultElementLocator.findElement(DefaultElementLocator.java:69)
at org.openqa.selenium.support.pagefactory.internal.LocatingElementHandler.invoke(LocatingElementHandler.java:38)
at com.sun.proxy.$Proxy8.sendKeys(Unknown Source)
at com.actiTimeFramework.login.pom.Login.setUsername(Login.java:27)
at com.actiTimeFramework.login.scripts.TestValidLogin.testValidLogin(TestValidLogin.java:21)
at sun.reflect.NativeMethodAccessorImpl.invoke0(Native Method)
at sun.reflect.NativeMethodAccessorImpl.invoke(NativeMethodAccessorImpl.java:62)
at sun.reflect.DelegatingMethodAccessorImpl.invoke(DelegatingMethodAccessorImpl.java:43)
at java.lang.reflect.Method.invoke(Method.java:498)
at org.testng.internal.MethodInvocationHelper.invokeMethod(MethodInvocationHelper.java:124)
at org.testng.internal.Invoker.invokeMethod(Invoker.java:580)
at org.testng.internal.Invoker.invokeTestMethod(Invoker.java:716)
at org.testng.internal.Invoker.invokeTestMethods(Invoker.java:988)
at org.testng.internal.TestMethodWorker.invokeTestMethods(TestMethodWorker.java:125)
at org.testng.internal.TestMethodWorker.run(TestMethodWorker.java:109)
at org.testng.TestRunner.privateRun(TestRunner.java:648)
at org.testng.TestRunner.run(TestRunner.java:505)
at org.testng.SuiteRunner.runTest(SuiteRunner.java:455)
at org.testng.SuiteRunner.runSequentially(SuiteRunner.java:450)
at org.testng.SuiteRunner.privateRun(SuiteRunner.java:415)
at org.testng.SuiteRunner.run(SuiteRunner.java:364)
at org.testng.SuiteRunnerWorker.runSuite(SuiteRunnerWorker.java:52)
at org.testng.SuiteRunnerWorker.run(SuiteRunnerWorker.java:84)
at org.testng.TestNG.runSuitesSequentially(TestNG.java:1208)
at org.testng.TestNG.runSuitesLocally(TestNG.java:1137)
at org.testng.TestNG.runSuites(TestNG.java:1049)
at org.testng.TestNG.run(TestNG.java:1017)
at org.apache.maven.surefire.testng.TestNGExecutor.run(TestNGExecutor.java:283)
at org.apache.maven.surefire.testng.TestNGXmlTestSuite.execute(TestNGXmlTestSuite.java:75)
at org.apache.maven.surefire.testng.TestNGProvider.invoke(TestNGProvider.java:120)
at org.apache.maven.surefire.booter.ForkedBooter.invokeProviderInSameClassLoader(ForkedBooter.java:383)
at org.apache.maven.surefire.booter.ForkedBooter.runSuitesInProcess(ForkedBooter.java:344)
at org.apache.maven.surefire.booter.ForkedBooter.execute(ForkedBooter.java:125)
at org.apache.maven.surefire.booter.ForkedBooter.main(ForkedBooter.java:417)
]]>
            </full-stacktrace>
          </exception> <!-- java.lang.NullPointerException -->
          <reporter-output>
          </reporter-output>
        </test-method> <!-- testValidLogin -->
        <test-method status="PASS" signature="closeactiTime(org.testng.ITestResult)[pri:0, instance:com.actiTimeFramework.login.scripts.TestValidLogin@15d0c81b]" name="closeactiTime" is-config="true" duration-ms="6" started-at="2018-08-01T04:53:05Z" finished-at="2018-08-01T04:53:05Z">
          <params>
            <param index="0">
              <value>
                <![CDATA[[TestResult name=testValidLogin status=FAILURE method=TestValidLogin.testValidLogin()[pri:0, instance:com.actiTimeFramework.login.scripts.TestValidLogin@15d0c81b] output={null}]]]>
              </value>
            </param>
          </params>
          <reporter-output>
          </reporter-output>
        </test-method> <!-- closeactiTime -->
      </class> <!-- com.actiTimeFramework.login.scripts.TestValidLogin -->
      <class name="com.actiTimeFramework.login.scripts.TestInvalidLogin">
        <test-method status="PASS" signature="openactiTime()[pri:0, instance:com.actiTimeFramework.login.scripts.TestInvalidLogin@74650e52]" name="openactiTime" is-config="true" duration-ms="5955" started-at="2018-08-01T04:52:27Z" finished-at="2018-08-01T04:52:32Z">
          <reporter-output>
          </reporter-output>
        </test-method> <!-- openactiTime -->
        <test-method status="PASS" signature="testInvalidLogin()[pri:0, instance:com.actiTimeFramework.login.scripts.TestInvalidLogin@74650e52]" name="testInvalidLogin" duration-ms="32633" started-at="2018-08-01T04:52:32Z" finished-at="2018-08-01T04:53:05Z">
          <reporter-output>
          </reporter-output>
        </test-method> <!-- testInvalidLogin -->
        <test-method status="PASS" signature="closeactiTime(org.testng.ITestResult)[pri:0, instance:com.actiTimeFramework.login.scripts.TestInvalidLogin@74650e52]" name="closeactiTime" is-config="true" duration-ms="3" started-at="2018-08-01T04:53:05Z" finished-at="2018-08-01T04:53:05Z">
          <params>
            <param index="0">
              <value>
                <![CDATA[[TestResult name=testInvalidLogin status=SUCCESS method=TestInvalidLogin.testInvalidLogin()[pri:0, instance:com.actiTimeFramework.login.scripts.TestInvalidLogin@74650e52] output={null}]]]>
              </value>
            </param>
          </params>
          <reporter-output>
          </reporter-output>
        </test-method> <!-- closeactiTime -->
        <test-method status="PASS" signature="closeDriver()[pri:0, instance:com.actiTimeFramework.login.scripts.TestInvalidLogin@74650e52]" name="closeDriver" is-config="true" duration-ms="2310" started-at="2018-08-01T04:53:05Z" finished-at="2018-08-01T04:53:08Z">
          <reporter-output>
          </reporter-output>
        </test-method> <!-- closeDriver -->
      </class> <!-- com.actiTimeFramework.login.scripts.TestInvalidLogin -->
    </test> <!-- TestLogin -->
  </suite> <!-- Suite -->
</testng-results>
