<?xml version="1.0" encoding="UTF-8"?>
<!-- Generated by org.testng.reporters.JUnitXMLReporter -->
<testsuite hostname="Naveen-PC" ignored="2" name="TestLogin" tests="2" failures="1" timestamp="01 Aug 2018 04:53:05 GMT" time="38.687" errors="0">
  <testcase name="testInvalidLogin" time="32.633" classname="com.actiTimeFramework.login.scripts.TestInvalidLogin"/>
  <testcase name="testValidLogin" time="0.009" classname="com.actiTimeFramework.login.scripts.TestValidLogin">
    <failure type="java.lang.NullPointerException">
      <![CDATA[java.lang.NullPointerException
at org.openqa.selenium.support.pagefactory.DefaultElementLocator.findElement(DefaultElementLocator.java:69)
at org.openqa.selenium.support.pagefactory.internal.LocatingElementHandler.invoke(LocatingElementHandler.java:38)
at com.sun.proxy.$Proxy8.sendKeys(Unknown Source)
at com.actiTimeFramework.login.pom.Login.setUsername(Login.java:27)
at com.actiTimeFramework.login.scripts.TestValidLogin.testValidLogin(TestValidLogin.java:21)
... Removed 29 stack frames]]>
    </failure>
  </testcase> <!-- testValidLogin -->
  <testcase name="@BeforeTest openactiTime" time="0.0" classname="com.actiTimeFramework.Generic.BaseTest">
    <ignored/>
  </testcase> <!-- @BeforeTest openactiTime -->
  <testcase name="@AfterSuite closeDriver" time="0.0" classname="com.actiTimeFramework.Generic.BaseTest">
    <ignored/>
  </testcase> <!-- @AfterSuite closeDriver -->
</testsuite> <!-- TestLogin -->
